2024-10-21 11:58:23 INFO  MyTestListener - Test Started: task11Test HomePage modal test suite
2024-10-21 11:58:23 INFO  MyExecutionListener - Starting: task11Test
2024-10-21 11:58:27 INFO  MyExecutionListener - Finished: task11Test
2024-10-21 11:58:27 INFO  MyTestListener - Test Passed: task11Test HomePage modal test suite
2024-10-21 12:01:40 INFO  MyTestListener - Test Started: task11FailureTest HomePage modal test suite
2024-10-21 12:01:40 INFO  MyExecutionListener - Starting: task11FailureTest
2024-10-21 12:01:42 INFO  MyExecutionListener - Finished: task11FailureTest
2024-10-21 12:01:42 INFO  MyTestListener - Test Started: task11Test HomePage modal test suite
2024-10-21 12:01:42 INFO  MyExecutionListener - Starting: task11Test
2024-10-21 12:01:43 INFO  MyExecutionListener - Finished: task11Test
2024-10-21 12:01:43 INFO  MyTestListener - Test Passed: task11Test HomePage modal test suite
2024-10-21 12:04:55 INFO  MyTestListener.onTestStart - Test Started: task11FailureTest HomePage modal test suite
2024-10-21 12:04:55 INFO  MyExecutionListener.beforeInvocation - Starting: task11FailureTest
2024-10-21 12:04:57 INFO  MyExecutionListener.afterInvocation - Finished: task11FailureTest
2024-10-21 12:04:57 INFO  MyTestListener.onTestStart - Test Started: task11Test HomePage modal test suite
2024-10-21 12:04:57 INFO  MyExecutionListener.beforeInvocation - Starting: task11Test
2024-10-21 12:04:58 INFO  MyExecutionListener.afterInvocation - Finished: task11Test
2024-10-21 12:04:58 INFO  MyTestListener.onTestSuccess - Test Passed: task11Test HomePage modal test suite
2024-10-21 12:39:12 INFO  MyTestListener.onTestStart - Test Started: task11FailureTest HomePage modal test suite
2024-10-21 12:39:12 INFO  MyExecutionListener.beforeInvocation - Starting: task11FailureTest
2024-10-21 12:39:15 INFO  MyExecutionListener.afterInvocation - Finished: task11FailureTest
2024-10-21 12:39:15 INFO  MyTestListener.onTestStart - Test Started: task11Test HomePage modal test suite
2024-10-21 12:39:15 INFO  MyExecutionListener.beforeInvocation - Starting: task11Test
2024-10-21 12:39:16 INFO  MyExecutionListener.afterInvocation - Finished: task11Test
2024-10-21 12:39:16 INFO  MyTestListener.onTestSuccess - Test Passed: task11Test HomePage modal test suite
